[2024-10-31 00:35:19] Starting gender classification process...
[2024-10-31 00:35:19] Training new model...
[2024-10-31 00:35:19] Loading training data...
[2024-10-31 00:35:33] Loaded 23766 male and 23243 female images
[2024-10-31 00:35:33] Extracting features from training images...
[2024-10-31 00:48:59] Features extracted. Shape: (47009, 25604)
[2024-10-31 00:48:59] Scaling features...
[2024-10-31 00:49:12] Training SGD Classifier...
[2024-10-31 00:51:25] Saving model and scaler...
[2024-10-31 00:51:25] Total training time: 966.12 seconds
[2024-10-31 00:51:25] Loading test data...
[2024-10-31 00:51:45] Loaded 5808 male and 5841 female test images
[2024-10-31 00:51:45] Extracting features from test images...
[2024-10-31 00:56:03] Test features extracted. Shape: (11649, 25604)
[2024-10-31 00:56:04] Making predictions...
[2024-10-31 00:56:04] 
Test Set Results:
[2024-10-31 00:56:04] Accuracy: 0.92
[2024-10-31 00:56:04] 
Classification Report:
[2024-10-31 00:56:04] Total evaluation time: 279.21 seconds
[2024-10-31 00:56:04] Total execution time: 1245.43 seconds
